<?xml version="1.0" encoding="UTF-8"?>
<!-- Generated by org.testng.reporters.JUnitReportReporter -->
<testsuite skipped="0" hostname="DESKTOP-LCC64SJ" name="org.example.testRunner.runners" tests="15" failures="0" timestamp="2023-01-20T04:05:47 EET" time="266.101" errors="0">
  <testcase name="runScenario" time="28.067" classname="org.example.testRunner.runners"/>
  <system-out/>
  <testcase name="runScenario" time="19.359" classname="org.example.testRunner.runners"/>
  <system-out/>
  <testcase name="runScenario" time="9.946" classname="org.example.testRunner.runners"/>
  <system-out/>
  <testcase name="runScenario" time="10.248" classname="org.example.testRunner.runners"/>
  <system-out/>
  <testcase name="runScenario" time="12.167" classname="org.example.testRunner.runners"/>
  <system-out/>
  <testcase name="runScenario" time="12.082" classname="org.example.testRunner.runners"/>
  <system-out/>
  <testcase name="runScenario" time="18.315" classname="org.example.testRunner.runners"/>
  <system-out/>
  <testcase name="runScenario" time="8.263" classname="org.example.testRunner.runners"/>
  <system-out/>
  <testcase name="runScenario" time="14.978" classname="org.example.testRunner.runners"/>
  <system-out/>
  <testcase name="runScenario" time="14.308" classname="org.example.testRunner.runners"/>
  <system-out/>
  <testcase name="runScenario" time="8.838" classname="org.example.testRunner.runners"/>
  <system-out/>
  <testcase name="runScenario" time="22.346" classname="org.example.testRunner.runners"/>
  <system-out/>
  <testcase name="runScenario" time="54.114" classname="org.example.testRunner.runners"/>
  <system-out/>
  <testcase name="runScenario" time="18.515" classname="org.example.testRunner.runners"/>
  <system-out/>
  <testcase name="runScenario" time="14.555" classname="org.example.testRunner.runners"/>
  <system-out/>
</testsuite> <!-- org.example.testRunner.runners -->
